Using pre-set license
Built from '2022.3/staging' branch; Version is '2022.3.45f1 (a13dfa44d684) revision 10567162'; Using compiler version '192829333'; Build Type 'Release'
OS: 'Windows 11  (10.0.22621) 64bit Core' Language: 'en' Physical Memory: 16106 MB
BatchMode: 1, IsHumanControllingUs: 0, StartBugReporterOnCrash: 0, Is64bit: 1, IsPro: 1

COMMAND LINE ARGUMENTS:
C:\Program Files\Unity\Hub\Editor\2022.3.45f1\Editor\Unity.exe
-adb2
-batchMode
-noUpm
-name
AssetImportWorker2
-projectPath
C:/Users/Arianna/Documents/VUW/Year 4/Kroni's Adventures/Actual Project stuff/Unity/kroni/Kroni
-logFile
Logs/AssetImportWorker2.log
-srvPort
62301
Successfully changed project path to: C:/Users/Arianna/Documents/VUW/Year 4/Kroni's Adventures/Actual Project stuff/Unity/kroni/Kroni
C:/Users/Arianna/Documents/VUW/Year 4/Kroni's Adventures/Actual Project stuff/Unity/kroni/Kroni
[UnityMemory] Configuration Parameters - Can be set up in boot.config
    "memorysetup-bucket-allocator-granularity=16"
    "memorysetup-bucket-allocator-bucket-count=8"
    "memorysetup-bucket-allocator-block-size=33554432"
    "memorysetup-bucket-allocator-block-count=8"
    "memorysetup-main-allocator-block-size=16777216"
    "memorysetup-thread-allocator-block-size=16777216"
    "memorysetup-gfx-main-allocator-block-size=16777216"
    "memorysetup-gfx-thread-allocator-block-size=16777216"
    "memorysetup-cache-allocator-block-size=4194304"
    "memorysetup-typetree-allocator-block-size=2097152"
    "memorysetup-profiler-bucket-allocator-granularity=16"
    "memorysetup-profiler-bucket-allocator-bucket-count=8"
    "memorysetup-profiler-bucket-allocator-block-size=33554432"
    "memorysetup-profiler-bucket-allocator-block-count=8"
    "memorysetup-profiler-allocator-block-size=16777216"
    "memorysetup-profiler-editor-allocator-block-size=1048576"
    "memorysetup-temp-allocator-size-main=16777216"
    "memorysetup-job-temp-allocator-block-size=2097152"
    "memorysetup-job-temp-allocator-block-size-background=1048576"
    "memorysetup-job-temp-allocator-reduction-small-platforms=262144"
    "memorysetup-allocator-temp-initial-block-size-main=262144"
    "memorysetup-allocator-temp-initial-block-size-worker=262144"
    "memorysetup-temp-allocator-size-background-worker=32768"
    "memorysetup-temp-allocator-size-job-worker=262144"
    "memorysetup-temp-allocator-size-preload-manager=33554432"
    "memorysetup-temp-allocator-size-nav-mesh-worker=65536"
    "memorysetup-temp-allocator-size-audio-worker=65536"
    "memorysetup-temp-allocator-size-cloud-worker=32768"
    "memorysetup-temp-allocator-size-gi-baking-worker=262144"
    "memorysetup-temp-allocator-size-gfx=262144"
Player connection [28208]  Target information:

Player connection [28208]  * "[IP] 192.168.0.145 [Port] 0 [Flags] 2 [Guid] 1191015482 [EditorId] 1191015482 [Version] 1048832 [Id] WindowsEditor(7,LAPTOP-G9V1F5J3) [Debug] 1 [PackageName] WindowsEditor [ProjectName] Editor" 

Player connection [28208] Host joined multi-casting on [225.0.0.222:54997]...
Player connection [28208] Host joined alternative multi-casting on [225.0.0.222:34997]...
[PhysX] Initialized MultithreadedTaskDispatcher with 16 workers.
Refreshing native plugins compatible for Editor in 16.44 ms, found 3 plugins.
Preloading 0 native plugins for Editor in 0.00 ms.
Initialize engine version: 2022.3.45f1 (a13dfa44d684)
[Subsystems] Discovering subsystems at path C:/Program Files/Unity/Hub/Editor/2022.3.45f1/Editor/Data/Resources/UnitySubsystems
[Subsystems] Discovering subsystems at path C:/Users/Arianna/Documents/VUW/Year 4/Kroni's Adventures/Actual Project stuff/Unity/kroni/Kroni/Assets
GfxDevice: creating device client; threaded=0; jobified=0
Direct3D:
    Version:  Direct3D 11.0 [level 11.1]
    Renderer: NVIDIA GeForce RTX 3050 Laptop GPU (ID=0x25a2)
    Vendor:   NVIDIA
    VRAM:     3964 MB
    Driver:   32.0.15.6607
Initialize mono
Mono path[0] = 'C:/Program Files/Unity/Hub/Editor/2022.3.45f1/Editor/Data/Managed'
Mono path[1] = 'C:/Program Files/Unity/Hub/Editor/2022.3.45f1/Editor/Data/MonoBleedingEdge/lib/mono/unityjit-win32'
Mono config path = 'C:/Program Files/Unity/Hub/Editor/2022.3.45f1/Editor/Data/MonoBleedingEdge/etc'
Using monoOptions --debugger-agent=transport=dt_socket,embedding=1,server=y,suspend=n,address=127.0.0.1:56208
Begin MonoManager ReloadAssembly
Registering precompiled unity dll's ...
Register platform support module: C:/Program Files/Unity/Hub/Editor/2022.3.45f1/Editor/Data/PlaybackEngines/WebGLSupport/UnityEditor.WebGL.Extensions.dll
Register platform support module: C:/Program Files/Unity/Hub/Editor/2022.3.45f1/Editor/Data/PlaybackEngines/MacStandaloneSupport/UnityEditor.OSXStandalone.Extensions.dll
Register platform support module: C:/Program Files/Unity/Hub/Editor/2022.3.45f1/Editor/Data/PlaybackEngines/AndroidPlayer/UnityEditor.Android.Extensions.dll
Register platform support module: C:/Program Files/Unity/Hub/Editor/2022.3.45f1/Editor/Data/PlaybackEngines/iOSSupport/UnityEditor.iOS.Extensions.dll
Register platform support module: C:/Program Files/Unity/Hub/Editor/2022.3.45f1/Editor/Data/PlaybackEngines/WindowsStandaloneSupport/UnityEditor.WindowsStandalone.Extensions.dll
Register platform support module: C:/Program Files/Unity/Hub/Editor/2022.3.45f1/Editor/Data/PlaybackEngines/LinuxStandaloneSupport/UnityEditor.LinuxStandalone.Extensions.dll
Register platform support module: C:/Program Files/Unity/Hub/Editor/2022.3.45f1/Editor/Data/PlaybackEngines/MetroSupport/UnityEditor.UWP.Extensions.dll
Registered in 0.020433 seconds.
- Loaded All Assemblies, in  0.495 seconds
Native extension for UWP target not found
Native extension for LinuxStandalone target not found
Native extension for WindowsStandalone target not found
[usbmuxd] Start listen thread
[usbmuxd] Listen thread started
[usbmuxd] Send listen message
Native extension for iOS target not found
Native extension for Android target not found
Android Extension - Scanning For ADB Devices 1179 ms
Native extension for OSXStandalone target not found
Native extension for WebGL target not found
Mono: successfully reloaded assembly
- Finished resetting the current domain, in  1.593 seconds
Domain Reload Profiling: 2083ms
	BeginReloadAssembly (173ms)
		ExecutionOrderSort (0ms)
		DisableScriptedObjects (0ms)
		BackupInstance (0ms)
		ReleaseScriptingObjects (0ms)
		CreateAndSetChildDomain (1ms)
	RebuildCommonClasses (34ms)
	RebuildNativeTypeToScriptingClass (10ms)
	initialDomainReloadingComplete (83ms)
	LoadAllAssembliesAndSetupDomain (188ms)
		LoadAssemblies (177ms)
		RebuildTransferFunctionScriptingTraits (0ms)
		AnalyzeDomain (181ms)
			TypeCache.Refresh (179ms)
				TypeCache.ScanAssembly (165ms)
			ScanForSourceGeneratedMonoScriptInfo (0ms)
			ResolveRequiredComponents (0ms)
	FinalizeReload (1594ms)
		ReleaseScriptCaches (0ms)
		RebuildScriptCaches (0ms)
		SetupLoadedEditorAssemblies (1544ms)
			LogAssemblyErrors (0ms)
			InitializePlatformSupportModulesInManaged (1363ms)
			SetLoadedEditorAssemblies (4ms)
			RefreshPlugins (0ms)
			BeforeProcessingInitializeOnLoad (2ms)
			ProcessInitializeOnLoadAttributes (127ms)
			ProcessInitializeOnLoadMethodAttributes (47ms)
			AfterProcessingInitializeOnLoad (0ms)
			EditorAssembliesLoaded (0ms)
		ExecutionOrderSort2 (0ms)
		AwakeInstancesAfterBackupRestoration (0ms)
========================================================================
Worker process is ready to serve import requests
Caller must complete domain reload
Begin MonoManager ReloadAssembly
- Loaded All Assemblies, in  1.077 seconds
Native extension for UWP target not found
Native extension for LinuxStandalone target not found
Native extension for WindowsStandalone target not found
Native extension for iOS target not found
Native extension for Android target not found
Native extension for OSXStandalone target not found
Native extension for WebGL target not found
Mono: successfully reloaded assembly
- Finished resetting the current domain, in  1.750 seconds
Domain Reload Profiling: 2823ms
	BeginReloadAssembly (181ms)
		ExecutionOrderSort (0ms)
		DisableScriptedObjects (9ms)
		BackupInstance (0ms)
		ReleaseScriptingObjects (0ms)
		CreateAndSetChildDomain (26ms)
	RebuildCommonClasses (41ms)
	RebuildNativeTypeToScriptingClass (12ms)
	initialDomainReloadingComplete (53ms)
	LoadAllAssembliesAndSetupDomain (785ms)
		LoadAssemblies (461ms)
		RebuildTransferFunctionScriptingTraits (0ms)
		AnalyzeDomain (412ms)
			TypeCache.Refresh (351ms)
				TypeCache.ScanAssembly (324ms)
			ScanForSourceGeneratedMonoScriptInfo (45ms)
			ResolveRequiredComponents (13ms)
	FinalizeReload (1751ms)
		ReleaseScriptCaches (0ms)
		RebuildScriptCaches (0ms)
		SetupLoadedEditorAssemblies (1468ms)
			LogAssemblyErrors (0ms)
			InitializePlatformSupportModulesInManaged (51ms)
			SetLoadedEditorAssemblies (7ms)
			RefreshPlugins (0ms)
			BeforeProcessingInitializeOnLoad (145ms)
			ProcessInitializeOnLoadAttributes (1193ms)
			ProcessInitializeOnLoadMethodAttributes (63ms)
			AfterProcessingInitializeOnLoad (9ms)
			EditorAssembliesLoaded (0ms)
		ExecutionOrderSort2 (0ms)
		AwakeInstancesAfterBackupRestoration (10ms)
Launched and connected shader compiler UnityShaderCompiler.exe after 0.08 seconds
Refreshing native plugins compatible for Editor in 10.01 ms, found 3 plugins.
Preloading 0 native plugins for Editor in 0.00 ms.
Unloading 6993 Unused Serialized files (Serialized files now loaded: 0)
Unloading 171 unused Assets / (13.8 MB). Loaded Objects now: 7351.
Memory consumption went from 325.1 MB to 311.3 MB.
Total: 19.405300 ms (FindLiveObjects: 1.802800 ms CreateObjectMapping: 1.526000 ms MarkObjects: 8.351700 ms  DeleteObjects: 7.721300 ms)

AssetImportParameters requested are different than current active one (requested -> active):
  custom:container-demuxer-ogg: 62fdf1f143b41e24485cea50d1cbac27 -> 
  custom:framework-win-MediaFoundation: 216162199b28c13a410421893ffa2e32 -> 
  custom:container-muxer-webm: aa71ff27fc2769a1b78a27578f13a17b -> 
  custom:video-decoder-webm-vp8: 9c59270c3fd7afecdb556c50c9e8de78 -> 
  custom:SearchIndexIgnoredProperties: e643bd26f0fe6173181afceb89e7c659 -> 
  custom:AudioImporter_EditorPlatform: d09bf68614088b80899f8185d706f6e7 -> 
  custom:audio-decoder-ogg-vorbis: bf7c407c2cedff20999df2af8eb42d56 -> 
  custom:audio-encoder-webm-vorbis: bf7c407c2cedff20999df2af8eb42d56 -> 
  custom:video-codec-MediaFoundation-h265: 746d11721c4dcdbdad8f713fa42b33f4 -> 
  custom:video-decoder-ogg-theora: a1e56fd34408186e4bbccfd4996cb3dc -> 
  custom:CustomObjectIndexerAttribute: 72b91833f83ae208fae7752999fa3104 -> 
  custom:container-demuxer-webm: 4f35f7cbe854078d1ac9338744f61a02 -> 
  custom:video-encoder-webm-vp8: eb34c28f22e8b96e1ab97ce403110664 -> 
========================================================================
Received Prepare
Caller must complete domain reload
Begin MonoManager ReloadAssembly
- Loaded All Assemblies, in  1.259 seconds
Native extension for UWP target not found
Native extension for LinuxStandalone target not found
Native extension for WindowsStandalone target not found
Native extension for iOS target not found
Native extension for Android target not found
Native extension for OSXStandalone target not found
Native extension for WebGL target not found
Mono: successfully reloaded assembly
- Finished resetting the current domain, in  2.278 seconds
Domain Reload Profiling: 3530ms
	BeginReloadAssembly (414ms)
		ExecutionOrderSort (0ms)
		DisableScriptedObjects (10ms)
		BackupInstance (0ms)
		ReleaseScriptingObjects (0ms)
		CreateAndSetChildDomain (139ms)
	RebuildCommonClasses (85ms)
	RebuildNativeTypeToScriptingClass (25ms)
	initialDomainReloadingComplete (67ms)
	LoadAllAssembliesAndSetupDomain (660ms)
		LoadAssemblies (783ms)
		RebuildTransferFunctionScriptingTraits (0ms)
		AnalyzeDomain (56ms)
			TypeCache.Refresh (21ms)
				TypeCache.ScanAssembly (0ms)
			ScanForSourceGeneratedMonoScriptInfo (0ms)
			ResolveRequiredComponents (31ms)
	FinalizeReload (2279ms)
		ReleaseScriptCaches (0ms)
		RebuildScriptCaches (0ms)
		SetupLoadedEditorAssemblies (1026ms)
			LogAssemblyErrors (0ms)
			InitializePlatformSupportModulesInManaged (55ms)
			SetLoadedEditorAssemblies (7ms)
			RefreshPlugins (0ms)
			BeforeProcessingInitializeOnLoad (127ms)
			ProcessInitializeOnLoadAttributes (797ms)
			ProcessInitializeOnLoadMethodAttributes (35ms)
			AfterProcessingInitializeOnLoad (5ms)
			EditorAssembliesLoaded (0ms)
		ExecutionOrderSort2 (0ms)
		AwakeInstancesAfterBackupRestoration (6ms)
Refreshing native plugins compatible for Editor in 6.66 ms, found 3 plugins.
Preloading 0 native plugins for Editor in 0.00 ms.
Unloading 6753 Unused Serialized files (Serialized files now loaded: 0)
Unloading 155 unused Assets / (13.8 MB). Loaded Objects now: 7354.
Memory consumption went from 269.6 MB to 255.8 MB.
Total: 12.064000 ms (FindLiveObjects: 0.957600 ms CreateObjectMapping: 0.750700 ms MarkObjects: 5.774600 ms  DeleteObjects: 4.579400 ms)

Prepare: number of updated asset objects reloaded= 0
AssetImportParameters requested are different than current active one (requested -> active):
  custom:container-demuxer-ogg: 62fdf1f143b41e24485cea50d1cbac27 -> 
  custom:framework-win-MediaFoundation: 216162199b28c13a410421893ffa2e32 -> 
  custom:container-muxer-webm: aa71ff27fc2769a1b78a27578f13a17b -> 
  custom:video-decoder-webm-vp8: 9c59270c3fd7afecdb556c50c9e8de78 -> 
  custom:SearchIndexIgnoredProperties: e643bd26f0fe6173181afceb89e7c659 -> 
  custom:AudioImporter_EditorPlatform: d09bf68614088b80899f8185d706f6e7 -> 
  custom:audio-decoder-ogg-vorbis: bf7c407c2cedff20999df2af8eb42d56 -> 
  custom:audio-encoder-webm-vorbis: bf7c407c2cedff20999df2af8eb42d56 -> 
  custom:video-codec-MediaFoundation-h265: 746d11721c4dcdbdad8f713fa42b33f4 -> 
  custom:video-decoder-ogg-theora: a1e56fd34408186e4bbccfd4996cb3dc -> 
  custom:CustomObjectIndexerAttribute: 72b91833f83ae208fae7752999fa3104 -> 
  custom:container-demuxer-webm: 4f35f7cbe854078d1ac9338744f61a02 -> 
  custom:video-encoder-webm-vp8: eb34c28f22e8b96e1ab97ce403110664 -> 
========================================================================
Received Import Request.
  Time since last request: 132339.336254 seconds.
  path: Assets/_Unused/fish 2_Material.001_BaseColor.png
  artifactKey: Guid(38bfe9d11e7d496419059da9cae30251) Importer(815301076,1909f56bfc062723c751e8b465ee728b)
Start importing Assets/_Unused/fish 2_Material.001_BaseColor.png using Guid(38bfe9d11e7d496419059da9cae30251) Importer(815301076,1909f56bfc062723c751e8b465ee728b) [PhysX] Initialized MultithreadedTaskDispatcher with 16 workers.
[PhysX] Initialized MultithreadedTaskDispatcher with 16 workers.
 -> (artifact id: '0c80ce344e30b9ffe7a2fc5f97b27a16') in 0.091817 seconds
Number of updated asset objects reloaded before import = 0
Number of asset objects unloaded after import = 2
========================================================================
Received Import Request.
  Time since last request: 0.000050 seconds.
  path: Assets/_Unused/fish 2_Material.001_BaseColor 4.png
  artifactKey: Guid(5d31aa9c8a1912d40b41097d39fef41d) Importer(815301076,1909f56bfc062723c751e8b465ee728b)
Start importing Assets/_Unused/fish 2_Material.001_BaseColor 4.png using Guid(5d31aa9c8a1912d40b41097d39fef41d) Importer(815301076,1909f56bfc062723c751e8b465ee728b) [PhysX] Initialized MultithreadedTaskDispatcher with 16 workers.
[PhysX] Initialized MultithreadedTaskDispatcher with 16 workers.
 -> (artifact id: '226ce7bf33adc5a60306f4a497c3b792') in 0.031628 seconds
Number of updated asset objects reloaded before import = 0
Number of asset objects unloaded after import = 2
========================================================================
Received Import Request.
  Time since last request: 0.000061 seconds.
  path: Assets/_Unused/fish 4_DefaultMaterial_BaseColor 3.png
  artifactKey: Guid(f2c04c1eb8436e44cbd32cfe6174b764) Importer(815301076,1909f56bfc062723c751e8b465ee728b)
Start importing Assets/_Unused/fish 4_DefaultMaterial_BaseColor 3.png using Guid(f2c04c1eb8436e44cbd32cfe6174b764) Importer(815301076,1909f56bfc062723c751e8b465ee728b) [PhysX] Initialized MultithreadedTaskDispatcher with 16 workers.
[PhysX] Initialized MultithreadedTaskDispatcher with 16 workers.
 -> (artifact id: '67e9991d12cd412a18fad3e67413272b') in 0.028556 seconds
Number of updated asset objects reloaded before import = 0
Number of asset objects unloaded after import = 2
========================================================================
Received Import Request.
  Time since last request: 0.000060 seconds.
  path: Assets/_Unused/fish 4_DefaultMaterial_BaseColor 1.png
  artifactKey: Guid(389342d744310d146a93bbbfec6e856e) Importer(815301076,1909f56bfc062723c751e8b465ee728b)
Start importing Assets/_Unused/fish 4_DefaultMaterial_BaseColor 1.png using Guid(389342d744310d146a93bbbfec6e856e) Importer(815301076,1909f56bfc062723c751e8b465ee728b) [PhysX] Initialized MultithreadedTaskDispatcher with 16 workers.
[PhysX] Initialized MultithreadedTaskDispatcher with 16 workers.
 -> (artifact id: 'fb161a06eab63b5128240fbb600b102f') in 0.031552 seconds
Number of updated asset objects reloaded before import = 0
Number of asset objects unloaded after import = 2
========================================================================
Received Import Request.
  Time since last request: 0.008185 seconds.
  path: Assets/_Unused/fish 5_DefaultMaterial_BaseColor 2.png
  artifactKey: Guid(a7a3a224d6cdb954f87b30c1b1f13611) Importer(815301076,1909f56bfc062723c751e8b465ee728b)
Start importing Assets/_Unused/fish 5_DefaultMaterial_BaseColor 2.png using Guid(a7a3a224d6cdb954f87b30c1b1f13611) Importer(815301076,1909f56bfc062723c751e8b465ee728b) [PhysX] Initialized MultithreadedTaskDispatcher with 16 workers.
[PhysX] Initialized MultithreadedTaskDispatcher with 16 workers.
 -> (artifact id: 'b8843a9184fd48dd815947aa6b04eada') in 0.032306 seconds
Number of updated asset objects reloaded before import = 0
Number of asset objects unloaded after import = 2
========================================================================
Received Import Request.
  Time since last request: 0.000032 seconds.
  path: Assets/_Unused/fish 6_DefaultMaterial_BaseColor.png
  artifactKey: Guid(373ff70b2c1a9f6448a9070543141516) Importer(815301076,1909f56bfc062723c751e8b465ee728b)
Start importing Assets/_Unused/fish 6_DefaultMaterial_BaseColor.png using Guid(373ff70b2c1a9f6448a9070543141516) Importer(815301076,1909f56bfc062723c751e8b465ee728b) [PhysX] Initialized MultithreadedTaskDispatcher with 16 workers.
[PhysX] Initialized MultithreadedTaskDispatcher with 16 workers.
 -> (artifact id: '077f737042d60b44278ced26a2b10bd0') in 0.025067 seconds
Number of updated asset objects reloaded before import = 0
Number of asset objects unloaded after import = 2
========================================================================
Received Import Request.
  Time since last request: 0.000026 seconds.
  path: Assets/_Unused/fish1_DefaultMaterial_Metallic 2.png
  artifactKey: Guid(0d578afab8d89e9488947b2b1611f64f) Importer(815301076,1909f56bfc062723c751e8b465ee728b)
Start importing Assets/_Unused/fish1_DefaultMaterial_Metallic 2.png using Guid(0d578afab8d89e9488947b2b1611f64f) Importer(815301076,1909f56bfc062723c751e8b465ee728b) [PhysX] Initialized MultithreadedTaskDispatcher with 16 workers.
[PhysX] Initialized MultithreadedTaskDispatcher with 16 workers.
 -> (artifact id: '3a34e0c47d8fa0da1163e689ea453be6') in 0.035270 seconds
Number of updated asset objects reloaded before import = 0
Number of asset objects unloaded after import = 2
========================================================================
Received Import Request.
  Time since last request: 0.000031 seconds.
  path: Assets/_Unused/fish_1_v1.prefab
  artifactKey: Guid(2aeb5c3a158bb9843b72617f4bb17afe) Importer(815301076,1909f56bfc062723c751e8b465ee728b)
Start importing Assets/_Unused/fish_1_v1.prefab using Guid(2aeb5c3a158bb9843b72617f4bb17afe) Importer(815301076,1909f56bfc062723c751e8b465ee728b) [PhysX] Initialized MultithreadedTaskDispatcher with 16 workers.
[PhysX] Initialized MultithreadedTaskDispatcher with 16 workers.
 -> (artifact id: '76b86800e724cf4df96f4c367c8889f3') in 0.693184 seconds
Number of updated asset objects reloaded before import = 0
Number of asset objects unloaded after import = 83
========================================================================
Received Import Request.
  Time since last request: 0.000038 seconds.
  path: Assets/_Unused/Fish_6_v5.prefab
  artifactKey: Guid(775ea8698569bbf4d966f73d07ad223e) Importer(815301076,1909f56bfc062723c751e8b465ee728b)
Start importing Assets/_Unused/Fish_6_v5.prefab using Guid(775ea8698569bbf4d966f73d07ad223e) Importer(815301076,1909f56bfc062723c751e8b465ee728b) [PhysX] Initialized MultithreadedTaskDispatcher with 16 workers.
[PhysX] Initialized MultithreadedTaskDispatcher with 16 workers.
 -> (artifact id: '1974e0302dba49ff7d89e71c1fcf9e3e') in 0.043319 seconds
Number of updated asset objects reloaded before import = 0
Number of asset objects unloaded after import = 181
========================================================================
Received Import Request.
  Time since last request: 0.000025 seconds.
  path: Assets/_Unused/fish 6_DefaultMaterial_BaseColor 1.png
  artifactKey: Guid(e35a0fb663cffac4db9e5bf877039a95) Importer(815301076,1909f56bfc062723c751e8b465ee728b)
Start importing Assets/_Unused/fish 6_DefaultMaterial_BaseColor 1.png using Guid(e35a0fb663cffac4db9e5bf877039a95) Importer(815301076,1909f56bfc062723c751e8b465ee728b) [PhysX] Initialized MultithreadedTaskDispatcher with 16 workers.
[PhysX] Initialized MultithreadedTaskDispatcher with 16 workers.
 -> (artifact id: '67840b89d07bc0a8c52a5b12f48e30bf') in 0.020821 seconds
Number of updated asset objects reloaded before import = 0
Number of asset objects unloaded after import = 2
========================================================================
Received Import Request.
  Time since last request: 0.000035 seconds.
  path: Assets/_Unused/fish1_DefaultMaterial_Emissive 3.png
  artifactKey: Guid(d6e392a9a77281040ba707c9554d8c54) Importer(815301076,1909f56bfc062723c751e8b465ee728b)
Start importing Assets/_Unused/fish1_DefaultMaterial_Emissive 3.png using Guid(d6e392a9a77281040ba707c9554d8c54) Importer(815301076,1909f56bfc062723c751e8b465ee728b) [PhysX] Initialized MultithreadedTaskDispatcher with 16 workers.
[PhysX] Initialized MultithreadedTaskDispatcher with 16 workers.
 -> (artifact id: '4a284a8ac42e61879f651dfb167a785e') in 0.010702 seconds
Number of updated asset objects reloaded before import = 0
Number of asset objects unloaded after import = 2
========================================================================
Received Import Request.
  Time since last request: 0.000019 seconds.
  path: Assets/_Unused/fish_4_v3.mat
  artifactKey: Guid(938bbb5c6a5d1b348bf2cdbff14da87f) Importer(815301076,1909f56bfc062723c751e8b465ee728b)
Start importing Assets/_Unused/fish_4_v3.mat using Guid(938bbb5c6a5d1b348bf2cdbff14da87f) Importer(815301076,1909f56bfc062723c751e8b465ee728b) [PhysX] Initialized MultithreadedTaskDispatcher with 16 workers.
[PhysX] Initialized MultithreadedTaskDispatcher with 16 workers.
 -> (artifact id: 'f1715565b2eb619744a241389bd1b6f1') in 0.044971 seconds
Number of updated asset objects reloaded before import = 0
Number of asset objects unloaded after import = 2
========================================================================
Received Import Request.
  Time since last request: 0.000037 seconds.
  path: Assets/_Unused/fish1_DefaultMaterial_Roughness.png
  artifactKey: Guid(379483a830c73bb40afdf60aae697100) Importer(815301076,1909f56bfc062723c751e8b465ee728b)
Start importing Assets/_Unused/fish1_DefaultMaterial_Roughness.png using Guid(379483a830c73bb40afdf60aae697100) Importer(815301076,1909f56bfc062723c751e8b465ee728b) [PhysX] Initialized MultithreadedTaskDispatcher with 16 workers.
[PhysX] Initialized MultithreadedTaskDispatcher with 16 workers.
 -> (artifact id: '236fa23b126e9e2ed4cda4eb247903fd') in 0.028334 seconds
Number of updated asset objects reloaded before import = 0
Number of asset objects unloaded after import = 2
========================================================================
Received Import Request.
  Time since last request: 0.000038 seconds.
  path: Assets/_Unused/Floor Tiles 1 - diffuse.jpg
  artifactKey: Guid(85ac55597b97403c82fc6601a93cf241) Importer(815301076,1909f56bfc062723c751e8b465ee728b)
Start importing Assets/_Unused/Floor Tiles 1 - diffuse.jpg using Guid(85ac55597b97403c82fc6601a93cf241) Importer(815301076,1909f56bfc062723c751e8b465ee728b) [PhysX] Initialized MultithreadedTaskDispatcher with 16 workers.
[PhysX] Initialized MultithreadedTaskDispatcher with 16 workers.
 -> (artifact id: 'd5f64a7d6e5a85ac96c03d9fa7d94d84') in 0.033751 seconds
Number of updated asset objects reloaded before import = 0
Number of asset objects unloaded after import = 2
========================================================================
Received Import Request.
  Time since last request: 0.000025 seconds.
  path: Assets/_Unused/Grass_A_BaseColor 1.tif
  artifactKey: Guid(9bf68c6e5059e7549b60e91ca11987a6) Importer(815301076,1909f56bfc062723c751e8b465ee728b)
Start importing Assets/_Unused/Grass_A_BaseColor 1.tif using Guid(9bf68c6e5059e7549b60e91ca11987a6) Importer(815301076,1909f56bfc062723c751e8b465ee728b) [PhysX] Initialized MultithreadedTaskDispatcher with 16 workers.
[PhysX] Initialized MultithreadedTaskDispatcher with 16 workers.
 -> (artifact id: '125d25523d6d71bf6da437519758d72a') in 0.036879 seconds
Number of updated asset objects reloaded before import = 0
Number of asset objects unloaded after import = 2
========================================================================
Received Import Request.
  Time since last request: 0.000021 seconds.
  path: Assets/_Unused/Fish_4_v2.prefab
  artifactKey: Guid(89390de47fb09384d80fc8c5f0443523) Importer(815301076,1909f56bfc062723c751e8b465ee728b)
Start importing Assets/_Unused/Fish_4_v2.prefab using Guid(89390de47fb09384d80fc8c5f0443523) Importer(815301076,1909f56bfc062723c751e8b465ee728b) [PhysX] Initialized MultithreadedTaskDispatcher with 16 workers.
[PhysX] Initialized MultithreadedTaskDispatcher with 16 workers.
 -> (artifact id: '230c2a9c299f05eb4ce690ced37d3fe6') in 0.026355 seconds
Number of updated asset objects reloaded before import = 0
Number of asset objects unloaded after import = 137
========================================================================
Received Import Request.
  Time since last request: 0.000036 seconds.
  path: Assets/_Unused/Gradient Diagonal (Color).jpg
  artifactKey: Guid(2ce5c55e85304b819a1826ecbc839aa5) Importer(815301076,1909f56bfc062723c751e8b465ee728b)
Start importing Assets/_Unused/Gradient Diagonal (Color).jpg using Guid(2ce5c55e85304b819a1826ecbc839aa5) Importer(815301076,1909f56bfc062723c751e8b465ee728b) [PhysX] Initialized MultithreadedTaskDispatcher with 16 workers.
[PhysX] Initialized MultithreadedTaskDispatcher with 16 workers.
 -> (artifact id: '13817bd919f4eee6e97680e12ec860ee') in 0.022992 seconds
Number of updated asset objects reloaded before import = 0
Number of asset objects unloaded after import = 2
========================================================================
Received Import Request.
  Time since last request: 0.000028 seconds.
  path: Assets/_Unused/Grass.asset
  artifactKey: Guid(fc123ab8f2eb56945b5849155624e2c0) Importer(815301076,1909f56bfc062723c751e8b465ee728b)
Start importing Assets/_Unused/Grass.asset using Guid(fc123ab8f2eb56945b5849155624e2c0) Importer(815301076,1909f56bfc062723c751e8b465ee728b) [PhysX] Initialized MultithreadedTaskDispatcher with 16 workers.
[PhysX] Initialized MultithreadedTaskDispatcher with 16 workers.
 -> (artifact id: '03c567bf00e7b7b7e268463d71e90092') in 0.083280 seconds
Number of updated asset objects reloaded before import = 0
Number of asset objects unloaded after import = 6
========================================================================
Received Import Request.
  Time since last request: 0.000030 seconds.
  path: Assets/_Unused/Fish_3_v4.prefab
  artifactKey: Guid(c7d1ba2a20a518641bbeda3ca6e0aade) Importer(815301076,1909f56bfc062723c751e8b465ee728b)
Start importing Assets/_Unused/Fish_3_v4.prefab using Guid(c7d1ba2a20a518641bbeda3ca6e0aade) Importer(815301076,1909f56bfc062723c751e8b465ee728b) [PhysX] Initialized MultithreadedTaskDispatcher with 16 workers.
[PhysX] Initialized MultithreadedTaskDispatcher with 16 workers.
 -> (artifact id: '6bbed43697afe293cfb3c7ecdfffe514') in 0.033833 seconds
Number of updated asset objects reloaded before import = 0
Number of asset objects unloaded after import = 116
========================================================================
Received Import Request.
  Time since last request: 0.000074 seconds.
  path: Assets/_Unused/Ground - Logo Scene.mat
  artifactKey: Guid(c719e38f25a9480abd2480ab621a2949) Importer(815301076,1909f56bfc062723c751e8b465ee728b)
Start importing Assets/_Unused/Ground - Logo Scene.mat using Guid(c719e38f25a9480abd2480ab621a2949) Importer(815301076,1909f56bfc062723c751e8b465ee728b) [PhysX] Initialized MultithreadedTaskDispatcher with 16 workers.
[PhysX] Initialized MultithreadedTaskDispatcher with 16 workers.
 -> (artifact id: '4a6647198549e570ee19e36e39edb118') in 0.018353 seconds
Number of updated asset objects reloaded before import = 0
Number of asset objects unloaded after import = 2
========================================================================
Received Import Request.
  Time since last request: 0.000064 seconds.
  path: Assets/_Unused/fish1_DefaultMaterial_Metallic.png
  artifactKey: Guid(12358ab193037bb488c1d34743854351) Importer(815301076,1909f56bfc062723c751e8b465ee728b)
Start importing Assets/_Unused/fish1_DefaultMaterial_Metallic.png using Guid(12358ab193037bb488c1d34743854351) Importer(815301076,1909f56bfc062723c751e8b465ee728b) [PhysX] Initialized MultithreadedTaskDispatcher with 16 workers.
[PhysX] Initialized MultithreadedTaskDispatcher with 16 workers.
 -> (artifact id: '9748c5e998c478881b6cac299023092e') in 0.131604 seconds
Number of updated asset objects reloaded before import = 0
Number of asset objects unloaded after import = 2
========================================================================
Received Import Request.
  Time since last request: 0.000037 seconds.
  path: Assets/_Unused/fish_2_v1.prefab
  artifactKey: Guid(38453c08482feef46925c63d2e9e6598) Importer(815301076,1909f56bfc062723c751e8b465ee728b)
Start importing Assets/_Unused/fish_2_v1.prefab using Guid(38453c08482feef46925c63d2e9e6598) Importer(815301076,1909f56bfc062723c751e8b465ee728b) [PhysX] Initialized MultithreadedTaskDispatcher with 16 workers.
[PhysX] Initialized MultithreadedTaskDispatcher with 16 workers.
 -> (artifact id: '93a34d6eb3fea5070772df665a4cb327') in 0.022116 seconds
Number of updated asset objects reloaded before import = 0
Number of asset objects unloaded after import = 137
========================================================================
Received Import Request.
  Time since last request: 0.000052 seconds.
  path: Assets/_Unused/Mess Maker Poole High Poly.prefab
  artifactKey: Guid(d9c7cf1a6a245e04f9d819e9df397dbc) Importer(815301076,1909f56bfc062723c751e8b465ee728b)
Start importing Assets/_Unused/Mess Maker Poole High Poly.prefab using Guid(d9c7cf1a6a245e04f9d819e9df397dbc) Importer(815301076,1909f56bfc062723c751e8b465ee728b) [PhysX] Initialized MultithreadedTaskDispatcher with 16 workers.
 -> (artifact id: 'e8745c12a43d5b50d22e1cc17ef35a21') in 0.003012 seconds
Number of updated asset objects reloaded before import = 0
Number of asset objects unloaded after import = 5
========================================================================
Received Import Request.
  Time since last request: 0.000022 seconds.
  path: Assets/_Unused/Fish_4_v4.prefab
  artifactKey: Guid(9fcf3c798aaa84741a6180a028ebec36) Importer(815301076,1909f56bfc062723c751e8b465ee728b)
Start importing Assets/_Unused/Fish_4_v4.prefab using Guid(9fcf3c798aaa84741a6180a028ebec36) Importer(815301076,1909f56bfc062723c751e8b465ee728b) [PhysX] Initialized MultithreadedTaskDispatcher with 16 workers.
[PhysX] Initialized MultithreadedTaskDispatcher with 16 workers.
 -> (artifact id: 'b5221819073a2c5d73c5865fa69530aa') in 0.032820 seconds
Number of updated asset objects reloaded before import = 0
Number of asset objects unloaded after import = 137
========================================================================
Received Import Request.
  Time since last request: 0.000023 seconds.
  path: Assets/_Unused/fish_1_v4.mat
  artifactKey: Guid(65df06cd968577042a54d4eba3d2b08b) Importer(815301076,1909f56bfc062723c751e8b465ee728b)
Start importing Assets/_Unused/fish_1_v4.mat using Guid(65df06cd968577042a54d4eba3d2b08b) Importer(815301076,1909f56bfc062723c751e8b465ee728b) [PhysX] Initialized MultithreadedTaskDispatcher with 16 workers.
[PhysX] Initialized MultithreadedTaskDispatcher with 16 workers.
 -> (artifact id: '71d5cb611cee7faa2b45f9c4054bfa83') in 0.044560 seconds
Number of updated asset objects reloaded before import = 0
Number of asset objects unloaded after import = 4
========================================================================
Received Import Request.
  Time since last request: 0.000031 seconds.
  path: Assets/_Unused/fish1_DefaultMaterial_BaseColor 3.png
  artifactKey: Guid(0ee786997647b854284b656160a79072) Importer(815301076,1909f56bfc062723c751e8b465ee728b)
Start importing Assets/_Unused/fish1_DefaultMaterial_BaseColor 3.png using Guid(0ee786997647b854284b656160a79072) Importer(815301076,1909f56bfc062723c751e8b465ee728b) [PhysX] Initialized MultithreadedTaskDispatcher with 16 workers.
[PhysX] Initialized MultithreadedTaskDispatcher with 16 workers.
 -> (artifact id: '7a1ea989f5cb9b0b5261a9ed60a19510') in 0.019667 seconds
Number of updated asset objects reloaded before import = 0
Number of asset objects unloaded after import = 2
========================================================================
Received Import Request.
  Time since last request: 0.000023 seconds.
  path: Assets/_Unused/Mug White Broken 1.prefab
  artifactKey: Guid(6e76fda8b4b9c214e815d61ddf722aa8) Importer(815301076,1909f56bfc062723c751e8b465ee728b)
Start importing Assets/_Unused/Mug White Broken 1.prefab using Guid(6e76fda8b4b9c214e815d61ddf722aa8) Importer(815301076,1909f56bfc062723c751e8b465ee728b) [PhysX] Initialized MultithreadedTaskDispatcher with 16 workers.
[PhysX] Initialized MultithreadedTaskDispatcher with 16 workers.
 -> (artifact id: 'beba09ec92a7996d64ec7dc8aeb2b9c6') in 0.025785 seconds
Number of updated asset objects reloaded before import = 0
Number of asset objects unloaded after import = 10
========================================================================
Received Import Request.
  Time since last request: 0.000037 seconds.
  path: Assets/_Unused/fish_4.fbx
  artifactKey: Guid(d12e71447f7b73040a0b0fbe2df69453) Importer(815301076,1909f56bfc062723c751e8b465ee728b)
Start importing Assets/_Unused/fish_4.fbx using Guid(d12e71447f7b73040a0b0fbe2df69453) Importer(815301076,1909f56bfc062723c751e8b465ee728b) [PhysX] Initialized MultithreadedTaskDispatcher with 16 workers.
[PhysX] Initialized MultithreadedTaskDispatcher with 16 workers.
[PhysX] Initialized MultithreadedTaskDispatcher with 16 workers.
[PhysX] Initialized MultithreadedTaskDispatcher with 16 workers.
[PhysX] Initialized MultithreadedTaskDispatcher with 16 workers.
 -> (artifact id: '8a94e25c6c0559c69504b601d4c332d5') in 0.065924 seconds
Number of updated asset objects reloaded before import = 0
Number of asset objects unloaded after import = 133
========================================================================
Received Import Request.
  Time since last request: 0.000027 seconds.
  path: Assets/_Unused/Roboto-Bold.ttf
  artifactKey: Guid(4beb055f07aaff244873dec698d0363e) Importer(815301076,1909f56bfc062723c751e8b465ee728b)
Start importing Assets/_Unused/Roboto-Bold.ttf using Guid(4beb055f07aaff244873dec698d0363e) Importer(815301076,1909f56bfc062723c751e8b465ee728b) [PhysX] Initialized MultithreadedTaskDispatcher with 16 workers.
[PhysX] Initialized MultithreadedTaskDispatcher with 16 workers.
[PhysX] Initialized MultithreadedTaskDispatcher with 16 workers.
 -> (artifact id: '57b8c636d7fc4dc2f44b1ba9abe3c511') in 0.029165 seconds
Number of updated asset objects reloaded before import = 0
Number of asset objects unloaded after import = 4
========================================================================
Received Import Request.
  Time since last request: 0.000028 seconds.
  path: Assets/_Unused/Rock 4.prefab
  artifactKey: Guid(4298a949c31c78c4bab7a4a657b4315e) Importer(815301076,1909f56bfc062723c751e8b465ee728b)
Start importing Assets/_Unused/Rock 4.prefab using Guid(4298a949c31c78c4bab7a4a657b4315e) Importer(815301076,1909f56bfc062723c751e8b465ee728b) [PhysX] Initialized MultithreadedTaskDispatcher with 16 workers.
[PhysX] Initialized MultithreadedTaskDispatcher with 16 workers.
 -> (artifact id: '49944146a5bb44060cdb0e11d11c72ee') in 0.079392 seconds
Number of updated asset objects reloaded before import = 0
Number of asset objects unloaded after import = 13
========================================================================
Received Import Request.
  Time since last request: 0.000042 seconds.
  path: Assets/_Unused/Rock 1 High.prefab
  artifactKey: Guid(ac6ff3feaf94bf345b80e33595e9fa2c) Importer(815301076,1909f56bfc062723c751e8b465ee728b)
Start importing Assets/_Unused/Rock 1 High.prefab using Guid(ac6ff3feaf94bf345b80e33595e9fa2c) Importer(815301076,1909f56bfc062723c751e8b465ee728b) [PhysX] Initialized MultithreadedTaskDispatcher with 16 workers.
[PhysX] Initialized MultithreadedTaskDispatcher with 16 workers.
 -> (artifact id: 'c79067fa60181ddca3c82359b9179947') in 0.045022 seconds
Number of updated asset objects reloaded before import = 0
Number of asset objects unloaded after import = 13
========================================================================
Received Import Request.
  Time since last request: 0.000065 seconds.
  path: Assets/_Unused/sharks _DefaultMaterial_BaseColor 2.png
  artifactKey: Guid(e55cb0591ac8d4548988adfddd0f5ba2) Importer(815301076,1909f56bfc062723c751e8b465ee728b)
Start importing Assets/_Unused/sharks _DefaultMaterial_BaseColor 2.png using Guid(e55cb0591ac8d4548988adfddd0f5ba2) Importer(815301076,1909f56bfc062723c751e8b465ee728b) [PhysX] Initialized MultithreadedTaskDispatcher with 16 workers.
[PhysX] Initialized MultithreadedTaskDispatcher with 16 workers.
 -> (artifact id: 'a22ddaeced749c2becdf26f4a6a1fc65') in 0.023789 seconds
Number of updated asset objects reloaded before import = 0
Number of asset objects unloaded after import = 2
========================================================================
Received Import Request.
  Time since last request: 0.000025 seconds.
  path: Assets/_Unused/sharks _DefaultMaterial_Normal 3.png
  artifactKey: Guid(d290db8ae0d1d7f4abcd1ddccab771a8) Importer(815301076,1909f56bfc062723c751e8b465ee728b)
Start importing Assets/_Unused/sharks _DefaultMaterial_Normal 3.png using Guid(d290db8ae0d1d7f4abcd1ddccab771a8) Importer(815301076,1909f56bfc062723c751e8b465ee728b) [PhysX] Initialized MultithreadedTaskDispatcher with 16 workers.
[PhysX] Initialized MultithreadedTaskDispatcher with 16 workers.
 -> (artifact id: '54d376134afd430edc075ba1e423c400') in 0.034355 seconds
Number of updated asset objects reloaded before import = 0
Number of asset objects unloaded after import = 2
========================================================================
Received Import Request.
  Time since last request: 0.000032 seconds.
  path: Assets/_Unused/Shark_Material_v4.mat
  artifactKey: Guid(89f1c412df115d44a92d1abdd0f11461) Importer(815301076,1909f56bfc062723c751e8b465ee728b)
Start importing Assets/_Unused/Shark_Material_v4.mat using Guid(89f1c412df115d44a92d1abdd0f11461) Importer(815301076,1909f56bfc062723c751e8b465ee728b) [PhysX] Initialized MultithreadedTaskDispatcher with 16 workers.
[PhysX] Initialized MultithreadedTaskDispatcher with 16 workers.
 -> (artifact id: '66e31f08a3fafb19a76da4519146994a') in 0.034075 seconds
Number of updated asset objects reloaded before import = 0
Number of asset objects unloaded after import = 4
========================================================================
Received Import Request.
  Time since last request: 0.000030 seconds.
  path: Assets/_Unused/sharks _DefaultMaterial_Roughness 1.png
  artifactKey: Guid(f319348b6dccd2249b6850224eb0aba1) Importer(815301076,1909f56bfc062723c751e8b465ee728b)
Start importing Assets/_Unused/sharks _DefaultMaterial_Roughness 1.png using Guid(f319348b6dccd2249b6850224eb0aba1) Importer(815301076,1909f56bfc062723c751e8b465ee728b) [PhysX] Initialized MultithreadedTaskDispatcher with 16 workers.
[PhysX] Initialized MultithreadedTaskDispatcher with 16 workers.
 -> (artifact id: '09d9c6f395751c36d9fb9ec21c146896') in 0.028088 seconds
Number of updated asset objects reloaded before import = 0
Number of asset objects unloaded after import = 2
========================================================================
Received Import Request.
  Time since last request: 0.000054 seconds.
  path: Assets/_Unused/Shark_v3.prefab
  artifactKey: Guid(226861127b186134ca18b8bd776b5102) Importer(815301076,1909f56bfc062723c751e8b465ee728b)
Start importing Assets/_Unused/Shark_v3.prefab using Guid(226861127b186134ca18b8bd776b5102) Importer(815301076,1909f56bfc062723c751e8b465ee728b) [PhysX] Initialized MultithreadedTaskDispatcher with 16 workers.
[PhysX] Initialized MultithreadedTaskDispatcher with 16 workers.
 -> (artifact id: '896ec484b815c911434c8775ea16e162') in 0.065335 seconds
Number of updated asset objects reloaded before import = 0
Number of asset objects unloaded after import = 69
========================================================================
Received Import Request.
  Time since last request: 0.000034 seconds.
  path: Assets/_Unused/Shark_v1.prefab
  artifactKey: Guid(7eae7165760ea8e4392990af4666d35b) Importer(815301076,1909f56bfc062723c751e8b465ee728b)
Start importing Assets/_Unused/Shark_v1.prefab using Guid(7eae7165760ea8e4392990af4666d35b) Importer(815301076,1909f56bfc062723c751e8b465ee728b) [PhysX] Initialized MultithreadedTaskDispatcher with 16 workers.
[PhysX] Initialized MultithreadedTaskDispatcher with 16 workers.
 -> (artifact id: 'd66ecd397b2811c9a1066aac124b452a') in 0.033144 seconds
Number of updated asset objects reloaded before import = 0
Number of asset objects unloaded after import = 126
========================================================================
Received Import Request.
  Time since last request: 0.000023 seconds.
  path: Assets/_Unused/RockBrown.mat
  artifactKey: Guid(c4f9a235e62de2a40aced9042113fd1b) Importer(815301076,1909f56bfc062723c751e8b465ee728b)
Start importing Assets/_Unused/RockBrown.mat using Guid(c4f9a235e62de2a40aced9042113fd1b) Importer(815301076,1909f56bfc062723c751e8b465ee728b) [PhysX] Initialized MultithreadedTaskDispatcher with 16 workers.
[PhysX] Initialized MultithreadedTaskDispatcher with 16 workers.
 -> (artifact id: '374a79e249fc0431415927cf9c0d4b85') in 0.037125 seconds
Number of updated asset objects reloaded before import = 0
Number of asset objects unloaded after import = 4
========================================================================
Received Import Request.
  Time since last request: 0.000032 seconds.
  path: Assets/_Unused/rock_normal 1.tif
  artifactKey: Guid(e620e5f74cdfde543bc7717a45e5024d) Importer(815301076,1909f56bfc062723c751e8b465ee728b)
Start importing Assets/_Unused/rock_normal 1.tif using Guid(e620e5f74cdfde543bc7717a45e5024d) Importer(815301076,1909f56bfc062723c751e8b465ee728b) [PhysX] Initialized MultithreadedTaskDispatcher with 16 workers.
[PhysX] Initialized MultithreadedTaskDispatcher with 16 workers.
 -> (artifact id: 'd010ea779b689975ac29ea39cb372151') in 0.026540 seconds
Number of updated asset objects reloaded before import = 0
Number of asset objects unloaded after import = 2
========================================================================
Received Import Request.
  Time since last request: 0.000025 seconds.
  path: Assets/_Unused/Shark_v2.prefab
  artifactKey: Guid(faac41ed94afcf54280ad173b8287dc8) Importer(815301076,1909f56bfc062723c751e8b465ee728b)
Start importing Assets/_Unused/Shark_v2.prefab using Guid(faac41ed94afcf54280ad173b8287dc8) Importer(815301076,1909f56bfc062723c751e8b465ee728b) [PhysX] Initialized MultithreadedTaskDispatcher with 16 workers.
[PhysX] Initialized MultithreadedTaskDispatcher with 16 workers.
 -> (artifact id: '2dac0d88397967f9378daaae00d39030') in 0.035339 seconds
Number of updated asset objects reloaded before import = 0
Number of asset objects unloaded after import = 69
========================================================================
Received Import Request.
  Time since last request: 0.000036 seconds.
  path: Assets/_Unused/fish1_DefaultMaterial_Roughness 2.png
  artifactKey: Guid(3e067f704fc1be9459f786387d43aa17) Importer(815301076,1909f56bfc062723c751e8b465ee728b)
Start importing Assets/_Unused/fish1_DefaultMaterial_Roughness 2.png using Guid(3e067f704fc1be9459f786387d43aa17) Importer(815301076,1909f56bfc062723c751e8b465ee728b) [PhysX] Initialized MultithreadedTaskDispatcher with 16 workers.
[PhysX] Initialized MultithreadedTaskDispatcher with 16 workers.
 -> (artifact id: '7f6463c7a290823c9da3a165f4b64cad') in 0.025016 seconds
Number of updated asset objects reloaded before import = 0
Number of asset objects unloaded after import = 2
========================================================================
Received Import Request.
  Time since last request: 0.000036 seconds.
  path: Assets/_Unused/fish1_DefaultMaterial_Emissive 1.png
  artifactKey: Guid(8401a5286048d1744a4e3067e44012ab) Importer(815301076,1909f56bfc062723c751e8b465ee728b)
Start importing Assets/_Unused/fish1_DefaultMaterial_Emissive 1.png using Guid(8401a5286048d1744a4e3067e44012ab) Importer(815301076,1909f56bfc062723c751e8b465ee728b) [PhysX] Initialized MultithreadedTaskDispatcher with 16 workers.
[PhysX] Initialized MultithreadedTaskDispatcher with 16 workers.
 -> (artifact id: 'd0a99462b41e88f9f1369c1636659e7c') in 0.014676 seconds
Number of updated asset objects reloaded before import = 0
Number of asset objects unloaded after import = 2
========================================================================
Received Import Request.
  Time since last request: 0.000025 seconds.
  path: Assets/_Unused/fish_4_v4.mat
  artifactKey: Guid(119a790f1d413a949affca22405b5add) Importer(815301076,1909f56bfc062723c751e8b465ee728b)
Start importing Assets/_Unused/fish_4_v4.mat using Guid(119a790f1d413a949affca22405b5add) Importer(815301076,1909f56bfc062723c751e8b465ee728b) [PhysX] Initialized MultithreadedTaskDispatcher with 16 workers.
[PhysX] Initialized MultithreadedTaskDispatcher with 16 workers.
 -> (artifact id: 'af5b34662b3fca80bf478ae8f5cc49ec') in 0.027145 seconds
Number of updated asset objects reloaded before import = 0
Number of asset objects unloaded after import = 2
========================================================================
Received Import Request.
  Time since last request: 0.000040 seconds.
  path: Assets/_Unused/fish_2_v3.mat
  artifactKey: Guid(0398e772dd820c046ad86bcc6dc8ff65) Importer(815301076,1909f56bfc062723c751e8b465ee728b)
Start importing Assets/_Unused/fish_2_v3.mat using Guid(0398e772dd820c046ad86bcc6dc8ff65) Importer(815301076,1909f56bfc062723c751e8b465ee728b) [PhysX] Initialized MultithreadedTaskDispatcher with 16 workers.
[PhysX] Initialized MultithreadedTaskDispatcher with 16 workers.
 -> (artifact id: 'dc80be39745ee590bd6e7f47fb8053bf') in 0.022074 seconds
Number of updated asset objects reloaded before import = 0
Number of asset objects unloaded after import = 2
========================================================================
Received Import Request.
  Time since last request: 0.000035 seconds.
  path: Assets/_Unused/Mess Maker Poole Empty.prefab
  artifactKey: Guid(643a9882a6816d04d8b5591b567abd3b) Importer(815301076,1909f56bfc062723c751e8b465ee728b)
Start importing Assets/_Unused/Mess Maker Poole Empty.prefab using Guid(643a9882a6816d04d8b5591b567abd3b) Importer(815301076,1909f56bfc062723c751e8b465ee728b) [PhysX] Initialized MultithreadedTaskDispatcher with 16 workers.
 -> (artifact id: '7da873c82f4b7169f5555275ee394b65') in 0.002528 seconds
Number of updated asset objects reloaded before import = 0
Number of asset objects unloaded after import = 5
========================================================================
Received Import Request.
  Time since last request: 0.000026 seconds.
  path: Assets/_Unused/Small Crate_diffuse.mat
  artifactKey: Guid(22262639920f43d6be32430e4e58350d) Importer(815301076,1909f56bfc062723c751e8b465ee728b)
Start importing Assets/_Unused/Small Crate_diffuse.mat using Guid(22262639920f43d6be32430e4e58350d) Importer(815301076,1909f56bfc062723c751e8b465ee728b) [PhysX] Initialized MultithreadedTaskDispatcher with 16 workers.
[PhysX] Initialized MultithreadedTaskDispatcher with 16 workers.
 -> (artifact id: '4e012d1428434c63a3c04c78f052a948') in 0.024016 seconds
Number of updated asset objects reloaded before import = 0
Number of asset objects unloaded after import = 3
========================================================================
Received Import Request.
  Time since last request: 0.000038 seconds.
  path: Assets/_Unused/Soda Can Red.prefab
  artifactKey: Guid(b991a99ddd15f484282918f293debed3) Importer(815301076,1909f56bfc062723c751e8b465ee728b)
Start importing Assets/_Unused/Soda Can Red.prefab using Guid(b991a99ddd15f484282918f293debed3) Importer(815301076,1909f56bfc062723c751e8b465ee728b) [PhysX] Initialized MultithreadedTaskDispatcher with 16 workers.
[PhysX] Initialized MultithreadedTaskDispatcher with 16 workers.
 -> (artifact id: 'd904d849e97f0c7e8d3eed02a83d9b69') in 0.031071 seconds
Number of updated asset objects reloaded before import = 0
Number of asset objects unloaded after import = 17
========================================================================
Received Import Request.
  Time since last request: 0.000035 seconds.
  path: Assets/_Unused/Sunny Days - Seamless.jpg
  artifactKey: Guid(17c350171f7a3ca479f830547c66d187) Importer(815301076,1909f56bfc062723c751e8b465ee728b)
Start importing Assets/_Unused/Sunny Days - Seamless.jpg using Guid(17c350171f7a3ca479f830547c66d187) Importer(815301076,1909f56bfc062723c751e8b465ee728b) [PhysX] Initialized MultithreadedTaskDispatcher with 16 workers.
[PhysX] Initialized MultithreadedTaskDispatcher with 16 workers.
 -> (artifact id: '7d78a10ddbe0d01a87f54307b0cfb50e') in 0.023590 seconds
Number of updated asset objects reloaded before import = 0
Number of asset objects unloaded after import = 2
========================================================================
Received Import Request.
  Time since last request: 0.000055 seconds.
  path: Assets/_Unused/Soda Can Green Crushed 1.prefab
  artifactKey: Guid(f02a92e1ab7d32d4fad570cd12c80c3e) Importer(815301076,1909f56bfc062723c751e8b465ee728b)
Start importing Assets/_Unused/Soda Can Green Crushed 1.prefab using Guid(f02a92e1ab7d32d4fad570cd12c80c3e) Importer(815301076,1909f56bfc062723c751e8b465ee728b) [PhysX] Initialized MultithreadedTaskDispatcher with 16 workers.
[PhysX] Initialized MultithreadedTaskDispatcher with 16 workers.
 -> (artifact id: '48d7de10073d2d52839f781c6e8d2c9b') in 0.028867 seconds
Number of updated asset objects reloaded before import = 0
Number of asset objects unloaded after import = 17
========================================================================
Received Import Request.
  Time since last request: 0.000038 seconds.
  path: Assets/_Unused/Shark_Material_v3.mat
  artifactKey: Guid(4efd0ea822d22e844885a14ec827b81a) Importer(815301076,1909f56bfc062723c751e8b465ee728b)
Start importing Assets/_Unused/Shark_Material_v3.mat using Guid(4efd0ea822d22e844885a14ec827b81a) Importer(815301076,1909f56bfc062723c751e8b465ee728b) [PhysX] Initialized MultithreadedTaskDispatcher with 16 workers.
[PhysX] Initialized MultithreadedTaskDispatcher with 16 workers.
 -> (artifact id: 'eb82ed49ed9883fa127f9fc29aeb0176') in 0.032919 seconds
Number of updated asset objects reloaded before import = 0
Number of asset objects unloaded after import = 4
========================================================================
Received Import Request.
  Time since last request: 0.000030 seconds.
  path: Assets/_Unused/Rock 2.prefab
  artifactKey: Guid(125e9a36b6de44842be2592288024999) Importer(815301076,1909f56bfc062723c751e8b465ee728b)
Start importing Assets/_Unused/Rock 2.prefab using Guid(125e9a36b6de44842be2592288024999) Importer(815301076,1909f56bfc062723c751e8b465ee728b) [PhysX] Initialized MultithreadedTaskDispatcher with 16 workers.
[PhysX] Initialized MultithreadedTaskDispatcher with 16 workers.
 -> (artifact id: 'b77c90aa3cc84510c878ba573cab9d3c') in 0.189489 seconds
Number of updated asset objects reloaded before import = 0
Number of asset objects unloaded after import = 13
========================================================================
Received Import Request.
  Time since last request: 0.000031 seconds.
  path: Assets/_Unused/fish_2_v2.mat
  artifactKey: Guid(0c5a04f787340ac41abc27a9960c2ebb) Importer(815301076,1909f56bfc062723c751e8b465ee728b)
Start importing Assets/_Unused/fish_2_v2.mat using Guid(0c5a04f787340ac41abc27a9960c2ebb) Importer(815301076,1909f56bfc062723c751e8b465ee728b) [PhysX] Initialized MultithreadedTaskDispatcher with 16 workers.
[PhysX] Initialized MultithreadedTaskDispatcher with 16 workers.
 -> (artifact id: '757a0fa68be90f25dc4783fa8fd8f19c') in 0.016681 seconds
Number of updated asset objects reloaded before import = 0
Number of asset objects unloaded after import = 2
========================================================================
Received Import Request.
  Time since last request: 0.000038 seconds.
  path: Assets/_Unused/Fish_3_Animated.fbx
  artifactKey: Guid(67a05fb2cf20c3d41b72f3cc720def5d) Importer(815301076,1909f56bfc062723c751e8b465ee728b)
Start importing Assets/_Unused/Fish_3_Animated.fbx using Guid(67a05fb2cf20c3d41b72f3cc720def5d) Importer(815301076,1909f56bfc062723c751e8b465ee728b) [PhysX] Initialized MultithreadedTaskDispatcher with 16 workers.
[PhysX] Initialized MultithreadedTaskDispatcher with 16 workers.
[PhysX] Initialized MultithreadedTaskDispatcher with 16 workers.
[PhysX] Initialized MultithreadedTaskDispatcher with 16 workers.
[PhysX] Initialized MultithreadedTaskDispatcher with 16 workers.
 -> (artifact id: '669ed7bfb15aee1dde689247fe84ba01') in 0.062226 seconds
Number of updated asset objects reloaded before import = 0
Number of asset objects unloaded after import = 61
========================================================================
Received Import Request.
  Time since last request: 0.000038 seconds.
  path: Assets/_Unused/Text Popup.prefab
  artifactKey: Guid(b06f0e6c1dfa4356ac918da1bb32c603) Importer(815301076,1909f56bfc062723c751e8b465ee728b)
Start importing Assets/_Unused/Text Popup.prefab using Guid(b06f0e6c1dfa4356ac918da1bb32c603) Importer(815301076,1909f56bfc062723c751e8b465ee728b) [PhysX] Initialized MultithreadedTaskDispatcher with 16 workers.
 -> (artifact id: '2a5c1f5537ec9aab1f9a629134dd7dbe') in 0.000840 seconds
Number of updated asset objects reloaded before import = 0
Number of asset objects unloaded after import = 0
========================================================================
Received Import Request.
  Time since last request: 0.000024 seconds.
  path: Assets/_Unused/LiberationSans SDF - Metalic Green.mat
  artifactKey: Guid(8b29aaa3eec7468097ff07adfcf29ac9) Importer(815301076,1909f56bfc062723c751e8b465ee728b)
Start importing Assets/_Unused/LiberationSans SDF - Metalic Green.mat using Guid(8b29aaa3eec7468097ff07adfcf29ac9) Importer(815301076,1909f56bfc062723c751e8b465ee728b) [PhysX] Initialized MultithreadedTaskDispatcher with 16 workers.
[PhysX] Initialized MultithreadedTaskDispatcher with 16 workers.
 -> (artifact id: '15b5ad9c764cebe37d777049ab4d5e43') in 0.169451 seconds
Number of updated asset objects reloaded before import = 0
Number of asset objects unloaded after import = 4
========================================================================
Received Import Request.
  Time since last request: 0.000028 seconds.
  path: Assets/_Unused/Mess Maker Poole Rocks.prefab
  artifactKey: Guid(bdd419111585dfc448877e5ba79e1139) Importer(815301076,1909f56bfc062723c751e8b465ee728b)
Start importing Assets/_Unused/Mess Maker Poole Rocks.prefab using Guid(bdd419111585dfc448877e5ba79e1139) Importer(815301076,1909f56bfc062723c751e8b465ee728b) [PhysX] Initialized MultithreadedTaskDispatcher with 16 workers.
 -> (artifact id: '8110b2df8b208846eea2480298f22234') in 0.002868 seconds
Number of updated asset objects reloaded before import = 0
Number of asset objects unloaded after import = 5
========================================================================
Received Import Request.
  Time since last request: 0.000076 seconds.
  path: Assets/_Unused/Vodka Bottle with label 1.prefab
  artifactKey: Guid(d43ac3b4de4cbc345a113860f8977fb2) Importer(815301076,1909f56bfc062723c751e8b465ee728b)
Start importing Assets/_Unused/Vodka Bottle with label 1.prefab using Guid(d43ac3b4de4cbc345a113860f8977fb2) Importer(815301076,1909f56bfc062723c751e8b465ee728b) [PhysX] Initialized MultithreadedTaskDispatcher with 16 workers.
[PhysX] Initialized MultithreadedTaskDispatcher with 16 workers.
 -> (artifact id: '8009456c577c8ee2fbd66331406f5255') in 0.022180 seconds
Number of updated asset objects reloaded before import = 0
Number of asset objects unloaded after import = 17
========================================================================
Received Import Request.
  Time since last request: 0.000027 seconds.
  path: Assets/_Unused/sharks _DefaultMaterial_BaseColor.png
  artifactKey: Guid(453ea35ac7e759648adbdcb9c9f12dfb) Importer(815301076,1909f56bfc062723c751e8b465ee728b)
Start importing Assets/_Unused/sharks _DefaultMaterial_BaseColor.png using Guid(453ea35ac7e759648adbdcb9c9f12dfb) Importer(815301076,1909f56bfc062723c751e8b465ee728b) [PhysX] Initialized MultithreadedTaskDispatcher with 16 workers.
[PhysX] Initialized MultithreadedTaskDispatcher with 16 workers.
 -> (artifact id: '9a6008a5403ca0fc5dc3d3850f5c0199') in 0.027223 seconds
Number of updated asset objects reloaded before import = 0
Number of asset objects unloaded after import = 2
========================================================================
Received Import Request.
  Time since last request: 0.000041 seconds.
  path: Assets/_Unused/Wine Bottle Red Broke 3.prefab
  artifactKey: Guid(77557de5dd98b0f4c9dc7532951a0960) Importer(815301076,1909f56bfc062723c751e8b465ee728b)
Start importing Assets/_Unused/Wine Bottle Red Broke 3.prefab using Guid(77557de5dd98b0f4c9dc7532951a0960) Importer(815301076,1909f56bfc062723c751e8b465ee728b) [PhysX] Initialized MultithreadedTaskDispatcher with 16 workers.
[PhysX] Initialized MultithreadedTaskDispatcher with 16 workers.
 -> (artifact id: 'e2cd0de0a94f40a074de9b978ea02fde') in 0.024340 seconds
Number of updated asset objects reloaded before import = 0
Number of asset objects unloaded after import = 10
========================================================================
Received Import Request.
  Time since last request: 0.000029 seconds.
  path: Assets/_Unused/Wine Bottle Red 1.prefab
  artifactKey: Guid(3d2bb18a5bebdb64d8a66dfeaf71d1db) Importer(815301076,1909f56bfc062723c751e8b465ee728b)
Start importing Assets/_Unused/Wine Bottle Red 1.prefab using Guid(3d2bb18a5bebdb64d8a66dfeaf71d1db) Importer(815301076,1909f56bfc062723c751e8b465ee728b) [PhysX] Initialized MultithreadedTaskDispatcher with 16 workers.
[PhysX] Initialized MultithreadedTaskDispatcher with 16 workers.
 -> (artifact id: 'a985345c46c2129c7def35977b835c0c') in 0.024570 seconds
Number of updated asset objects reloaded before import = 0
Number of asset objects unloaded after import = 10
========================================================================
Received Import Request.
  Time since last request: 0.451168 seconds.
  path: Assets/_Unused/Wine Label Red.png
  artifactKey: Guid(e9924fb4abf4c3d4eac6b457ff819e60) Importer(815301076,1909f56bfc062723c751e8b465ee728b)
Start importing Assets/_Unused/Wine Label Red.png using Guid(e9924fb4abf4c3d4eac6b457ff819e60) Importer(815301076,1909f56bfc062723c751e8b465ee728b) [PhysX] Initialized MultithreadedTaskDispatcher with 16 workers.
[PhysX] Initialized MultithreadedTaskDispatcher with 16 workers.
 -> (artifact id: '640247c2eeb6602a9ef0834afba2bfe3') in 0.017801 seconds
Number of updated asset objects reloaded before import = 0
Number of asset objects unloaded after import = 2
========================================================================
Received Import Request.
  Time since last request: 0.004002 seconds.
  path: Assets/_Unused/Wipe Pattern - Radial Quad.psd
  artifactKey: Guid(2b5e9ae96c5644d8bae932f8b4ca68a2) Importer(815301076,1909f56bfc062723c751e8b465ee728b)
Start importing Assets/_Unused/Wipe Pattern - Radial Quad.psd using Guid(2b5e9ae96c5644d8bae932f8b4ca68a2) Importer(815301076,1909f56bfc062723c751e8b465ee728b) [PhysX] Initialized MultithreadedTaskDispatcher with 16 workers.
[PhysX] Initialized MultithreadedTaskDispatcher with 16 workers.
 -> (artifact id: 'c7d829890727c8f52e085298c314c645') in 0.023434 seconds
Number of updated asset objects reloaded before import = 0
Number of asset objects unloaded after import = 2
========================================================================
Received Import Request.
  Time since last request: 7.106960 seconds.
  path: Assets/TextMesh Pro
  artifactKey: Guid(f54d1bd14bd3ca042bd867b519fee8cc) Importer(815301076,1909f56bfc062723c751e8b465ee728b)
Start importing Assets/TextMesh Pro using Guid(f54d1bd14bd3ca042bd867b519fee8cc) Importer(815301076,1909f56bfc062723c751e8b465ee728b) [PhysX] Initialized MultithreadedTaskDispatcher with 16 workers.
 -> (artifact id: 'dd6ad478d9966b0e483c01b5bd727387') in 0.000970 seconds
Number of updated asset objects reloaded before import = 0
Number of asset objects unloaded after import = 0
========================================================================
Received Prepare
Caller must complete domain reload
Begin MonoManager ReloadAssembly
- Loaded All Assemblies, in  0.633 seconds
Native extension for UWP target not found
Native extension for LinuxStandalone target not found
Native extension for WindowsStandalone target not found
Native extension for iOS target not found
Native extension for Android target not found
Native extension for OSXStandalone target not found
Native extension for WebGL target not found
Mono: successfully reloaded assembly
- Finished resetting the current domain, in  2.787 seconds
Domain Reload Profiling: 3417ms
	BeginReloadAssembly (198ms)
		ExecutionOrderSort (0ms)
		DisableScriptedObjects (7ms)
		BackupInstance (0ms)
		ReleaseScriptingObjects (0ms)
		CreateAndSetChildDomain (52ms)
	RebuildCommonClasses (48ms)
	RebuildNativeTypeToScriptingClass (13ms)
	initialDomainReloadingComplete (32ms)
	LoadAllAssembliesAndSetupDomain (339ms)
		LoadAssemblies (410ms)
		RebuildTransferFunctionScriptingTraits (0ms)
		AnalyzeDomain (33ms)
			TypeCache.Refresh (17ms)
				TypeCache.ScanAssembly (0ms)
			ScanForSourceGeneratedMonoScriptInfo (0ms)
			ResolveRequiredComponents (14ms)
	FinalizeReload (2787ms)
		ReleaseScriptCaches (0ms)
		RebuildScriptCaches (0ms)
		SetupLoadedEditorAssemblies (1035ms)
			LogAssemblyErrors (0ms)
			InitializePlatformSupportModulesInManaged (55ms)
			SetLoadedEditorAssemblies (6ms)
			RefreshPlugins (0ms)
			BeforeProcessingInitializeOnLoad (140ms)
			ProcessInitializeOnLoadAttributes (785ms)
			ProcessInitializeOnLoadMethodAttributes (40ms)
			AfterProcessingInitializeOnLoad (7ms)
			EditorAssembliesLoaded (0ms)
		ExecutionOrderSort2 (0ms)
		AwakeInstancesAfterBackupRestoration (9ms)
Refreshing native plugins compatible for Editor in 34.13 ms, found 3 plugins.
Preloading 0 native plugins for Editor in 0.00 ms.
Unloading 6753 Unused Serialized files (Serialized files now loaded: 0)
Unloading 155 unused Assets / (13.8 MB). Loaded Objects now: 7414.
Memory consumption went from 279.2 MB to 265.5 MB.
Total: 15.594900 ms (FindLiveObjects: 1.232800 ms CreateObjectMapping: 1.231100 ms MarkObjects: 6.811000 ms  DeleteObjects: 6.315500 ms)

Prepare: number of updated asset objects reloaded= 0
AssetImportParameters requested are different than current active one (requested -> active):
  custom:container-demuxer-ogg: 62fdf1f143b41e24485cea50d1cbac27 -> 
  custom:framework-win-MediaFoundation: 216162199b28c13a410421893ffa2e32 -> 
  custom:container-muxer-webm: aa71ff27fc2769a1b78a27578f13a17b -> 
  custom:video-decoder-webm-vp8: 9c59270c3fd7afecdb556c50c9e8de78 -> 
  custom:SearchIndexIgnoredProperties: e643bd26f0fe6173181afceb89e7c659 -> 
  custom:AudioImporter_EditorPlatform: d09bf68614088b80899f8185d706f6e7 -> 
  custom:audio-decoder-ogg-vorbis: bf7c407c2cedff20999df2af8eb42d56 -> 
  custom:audio-encoder-webm-vorbis: bf7c407c2cedff20999df2af8eb42d56 -> 
  custom:video-codec-MediaFoundation-h265: 746d11721c4dcdbdad8f713fa42b33f4 -> 
  custom:video-decoder-ogg-theora: a1e56fd34408186e4bbccfd4996cb3dc -> 
  custom:CustomObjectIndexerAttribute: 72b91833f83ae208fae7752999fa3104 -> 
  custom:container-demuxer-webm: 4f35f7cbe854078d1ac9338744f61a02 -> 
  custom:video-encoder-webm-vp8: eb34c28f22e8b96e1ab97ce403110664 -> 
========================================================================
Received Prepare
Caller must complete domain reload
Begin MonoManager ReloadAssembly
- Loaded All Assemblies, in  0.654 seconds
Native extension for UWP target not found
Native extension for LinuxStandalone target not found
Native extension for WindowsStandalone target not found
Native extension for iOS target not found
Native extension for Android target not found
Native extension for OSXStandalone target not found
Native extension for WebGL target not found
Mono: successfully reloaded assembly
- Finished resetting the current domain, in  2.388 seconds
Domain Reload Profiling: 3039ms
	BeginReloadAssembly (214ms)
		ExecutionOrderSort (0ms)
		DisableScriptedObjects (8ms)
		BackupInstance (0ms)
		ReleaseScriptingObjects (0ms)
		CreateAndSetChildDomain (53ms)
	RebuildCommonClasses (47ms)
	RebuildNativeTypeToScriptingClass (15ms)
	initialDomainReloadingComplete (41ms)
	LoadAllAssembliesAndSetupDomain (333ms)
		LoadAssemblies (407ms)
		RebuildTransferFunctionScriptingTraits (0ms)
		AnalyzeDomain (34ms)
			TypeCache.Refresh (12ms)
				TypeCache.ScanAssembly (0ms)
			ScanForSourceGeneratedMonoScriptInfo (0ms)
			ResolveRequiredComponents (18ms)
	FinalizeReload (2389ms)
		ReleaseScriptCaches (0ms)
		RebuildScriptCaches (0ms)
		SetupLoadedEditorAssemblies (1055ms)
			LogAssemblyErrors (0ms)
			InitializePlatformSupportModulesInManaged (56ms)
			SetLoadedEditorAssemblies (8ms)
			RefreshPlugins (0ms)
			BeforeProcessingInitializeOnLoad (143ms)
			ProcessInitializeOnLoadAttributes (804ms)
			ProcessInitializeOnLoadMethodAttributes (37ms)
			AfterProcessingInitializeOnLoad (6ms)
			EditorAssembliesLoaded (0ms)
		ExecutionOrderSort2 (0ms)
		AwakeInstancesAfterBackupRestoration (10ms)
Refreshing native plugins compatible for Editor in 8.07 ms, found 3 plugins.
Preloading 0 native plugins for Editor in 0.00 ms.
Unloading 6753 Unused Serialized files (Serialized files now loaded: 0)
Unloading 155 unused Assets / (13.8 MB). Loaded Objects now: 7417.
Memory consumption went from 279.3 MB to 265.5 MB.
Total: 14.086200 ms (FindLiveObjects: 1.232800 ms CreateObjectMapping: 0.919600 ms MarkObjects: 7.313800 ms  DeleteObjects: 4.617700 ms)

Prepare: number of updated asset objects reloaded= 0
AssetImportParameters requested are different than current active one (requested -> active):
  custom:container-demuxer-ogg: 62fdf1f143b41e24485cea50d1cbac27 -> 
  custom:framework-win-MediaFoundation: 216162199b28c13a410421893ffa2e32 -> 
  custom:container-muxer-webm: aa71ff27fc2769a1b78a27578f13a17b -> 
  custom:video-decoder-webm-vp8: 9c59270c3fd7afecdb556c50c9e8de78 -> 
  custom:SearchIndexIgnoredProperties: e643bd26f0fe6173181afceb89e7c659 -> 
  custom:AudioImporter_EditorPlatform: d09bf68614088b80899f8185d706f6e7 -> 
  custom:audio-decoder-ogg-vorbis: bf7c407c2cedff20999df2af8eb42d56 -> 
  custom:audio-encoder-webm-vorbis: bf7c407c2cedff20999df2af8eb42d56 -> 
  custom:video-codec-MediaFoundation-h265: 746d11721c4dcdbdad8f713fa42b33f4 -> 
  custom:video-decoder-ogg-theora: a1e56fd34408186e4bbccfd4996cb3dc -> 
  custom:CustomObjectIndexerAttribute: 72b91833f83ae208fae7752999fa3104 -> 
  custom:container-demuxer-webm: 4f35f7cbe854078d1ac9338744f61a02 -> 
  custom:video-encoder-webm-vp8: eb34c28f22e8b96e1ab97ce403110664 -> 
